2026-07-14 14:51:01.725 [info] [main] Protokolliergrad: Info
2026-07-14 14:51:01.726 [info] [main] Gefundenes Git wird überprüft in: "C:\Program Files\Git\cmd\git.exe"
2026-07-14 14:51:01.726 [info] [main] Git "2.50.1.windows.1" von "C:\Program Files\Git\cmd\git.exe" verwenden
2026-07-14 14:51:01.726 [info] [Model][doInitialScan] Initial repository scan started
2026-07-14 14:51:01.726 [info] > git rev-parse --show-toplevel [9092ms]
2026-07-14 14:51:04.159 [info] > git rev-parse --git-dir --git-common-dir --show-superproject-working-tree [2521ms]
2026-07-14 14:51:12.914 [info] [Model][openRepository] Opened repository (path): e:\2026\__Github_Workspace\Curriculos_
2026-07-14 14:51:12.914 [info] [Model][openRepository] Opened repository (real path): e:\2026\__Github_Workspace\Curriculos_
2026-07-14 14:51:12.923 [info] [Model][openRepository] Opened repository (kind): repository
2026-07-14 14:51:14.305 [info] > git for-each-ref --format=%(refname)%00%(upstream:short)%00%(objectname)%00%(upstream:track)%00%(upstream:remotename)%00%(upstream:remoteref) --ignore-case refs/heads/main refs/remotes/main [1121ms]
2026-07-14 14:51:14.308 [info] > git config --get commit.template [1329ms]
2026-07-14 14:51:14.308 [info] > git rev-parse --show-toplevel [1324ms]
2026-07-14 14:51:14.309 [info] > git config --get --local core.virtualfilesystem [1350ms]
2026-07-14 14:51:14.309 [warning] [Git][config] git config failed: Failed to execute git
2026-07-14 14:51:14.523 [info] > git check-ignore -v -z --stdin [675ms]
2026-07-14 14:51:14.665 [info] > git rev-parse --show-toplevel [240ms]
2026-07-14 14:51:16.878 [info] > git check-ignore -v -z --stdin [2448ms]
2026-07-14 14:51:16.885 [info] > git status -z -uall [2235ms]
2026-07-14 14:51:16.892 [info] > git for-each-ref --sort -committerdate --format %(refname)%00%(objectname)%00%(*objectname) [2233ms]
2026-07-14 14:51:17.215 [info] > git for-each-ref --format=%(refname)%00%(upstream:short)%00%(objectname)%00%(upstream:track)%00%(upstream:remotename)%00%(upstream:remoteref) --ignore-case refs/heads/main refs/remotes/main [294ms]
2026-07-14 14:51:17.226 [info] > git rev-parse --show-toplevel [356ms]
2026-07-14 14:51:17.729 [info] > git config --get commit.template [557ms]
2026-07-14 14:51:17.916 [info] > git config --get --local branch.main.vscode-merge-base [691ms]
2026-07-14 14:51:17.945 [info] > git for-each-ref --format=%(refname)%00%(upstream:short)%00%(objectname)%00%(upstream:track)%00%(upstream:remotename)%00%(upstream:remoteref) --ignore-case refs/heads/main refs/remotes/main [578ms]
2026-07-14 14:51:17.945 [info] > git rev-parse --show-toplevel [596ms]
2026-07-14 14:51:18.994 [info] > git for-each-ref --sort -committerdate --format %(refname)%00%(objectname)%00%(*objectname) [1015ms]
2026-07-14 14:51:19.217 [info] > git status -z -uall [1245ms]
2026-07-14 14:51:19.936 [info] > git for-each-ref --format=%(refname)%00%(upstream:short)%00%(objectname)%00%(upstream:track)%00%(upstream:remotename)%00%(upstream:remoteref) --ignore-case refs/heads/origin/main refs/remotes/origin/main [1992ms]
2026-07-14 14:51:20.038 [info] > git rev-parse --show-toplevel [2083ms]
2026-07-14 14:51:20.585 [info] > git merge-base refs/heads/main refs/remotes/origin/main [555ms]
2026-07-14 14:51:20.622 [info] > git merge-base refs/heads/main refs/remotes/origin/main [584ms]
2026-07-14 14:51:20.974 [info] > git rev-parse --show-toplevel [774ms]
2026-07-14 14:51:21.010 [info] [Model][doInitialScan] Initial repository scan completed - repositories (1), closed repositories (0), parent repositories (0), unsafe repositories (0)
2026-07-14 14:51:21.097 [info] > git diff --raw --numstat --diff-filter=ADMR -z --find-renames=50% ec4d7dbebd2e8406eb88eb25681f7f0057a4fb51...refs/remotes/origin/main -- [499ms]
2026-07-14 14:51:21.179 [info] > git diff --raw --numstat --diff-filter=ADMR -z --find-renames=50% ec4d7dbebd2e8406eb88eb25681f7f0057a4fb51...refs/remotes/origin/main -- [549ms]
2026-07-14 14:51:22.485 [info] > git show --textconv :index.html [1410ms]
2026-07-14 14:51:22.594 [info] > git ls-files --stage -- index.html [1511ms]
2026-07-14 14:51:23.019 [info] > git cat-file -s 5f29393aabce2c66a7e5cbdffcad387f60923560 [415ms]
2026-07-14 14:51:23.922 [info] > git check-ignore -v -z --stdin [597ms]
2026-07-14 14:51:23.983 [info] > git blame --root --incremental 9beea221e24a020024750390753d986eda58cbdb -- index.html [484ms]
2026-07-14 14:52:28.826 [info] > git check-ignore -v -z --stdin [483ms]
2026-07-14 14:52:35.145 [info] > git config --get commit.template [565ms]
2026-07-14 14:52:35.209 [info] > git for-each-ref --format=%(refname)%00%(upstream:short)%00%(objectname)%00%(upstream:track)%00%(upstream:remotename)%00%(upstream:remoteref) --ignore-case refs/heads/main refs/remotes/main [246ms]
2026-07-14 14:52:35.469 [info] > git status -z -uall [229ms]
2026-07-14 14:52:35.500 [info] > git for-each-ref --sort -committerdate --format %(refname)%00%(objectname)%00%(*objectname) [219ms]
2026-07-14 14:52:36.396 [info] > git check-ignore -v -z --stdin [128ms]
2026-07-14 14:52:37.425 [info] > git log --format=%H%n%aN%n%aE%n%at%n%ct%n%P%n%D%n%B -z --shortstat --diff-merges=first-parent -n50 --skip=0 --topo-order --decorate=full --stdin [10214ms]
2026-07-14 14:52:38.040 [info] > git merge-base main origin/main [90ms]
2026-07-14 14:52:55.907 [info] > git add -A -- . [219ms]
2026-07-14 14:52:55.907 [info] warning: in the working copy of '.refact/buddy/runtime_queue.jsonl', LF will be replaced by CRLF the next time Git touches it
warning: in the working copy of '.refact/buddy/diagnostics.jsonl', LF will be replaced by CRLF the next time Git touches it
warning: in the working copy of '.refact/buddy/user_activity.jsonl', LF will be replaced by CRLF the next time Git touches it
warning: in the working copy of '.refact/stats/00000001.jsonl', LF will be replaced by CRLF the next time Git touches it
warning: in the working copy of '.refact/trajectories/f8cf7250-2604-4285-8606-0624a0bc2b1d.json', LF will be replaced by CRLF the next time Git touches it
warning: in the working copy of '.refact/trajectories/index.json', LF will be replaced by CRLF the next time Git touches it
2026-07-14 14:52:56.296 [info] > git -c user.useConfigOnly=true commit --quiet --allow-empty-message --file - [378ms]
2026-07-14 14:52:56.378 [info] > git config --get commit.template [77ms]
2026-07-14 14:52:56.476 [info] > git config --get commit.template [91ms]
2026-07-14 14:52:56.493 [info] > git for-each-ref --format=%(refname)%00%(upstream:short)%00%(objectname)%00%(upstream:track)%00%(upstream:remotename)%00%(upstream:remoteref) --ignore-case refs/heads/main refs/remotes/main [101ms]
2026-07-14 14:52:56.589 [info] > git status -z -uall [91ms]
2026-07-14 14:52:56.592 [info] > git for-each-ref --sort -committerdate --format %(refname)%00%(objectname)%00%(*objectname) [89ms]
2026-07-14 14:52:56.910 [info] > git merge-base refs/heads/main refs/remotes/origin/main [298ms]
2026-07-14 14:52:56.987 [info] > git blame --root --incremental cc9f9c931d5f8f01d3d51bc08c7a04d3dc8638ca -- index.html [383ms]
2026-07-14 14:52:56.990 [info] > git for-each-ref --format=%(refname)%00%(upstream:short)%00%(objectname)%00%(upstream:track)%00%(upstream:remotename)%00%(upstream:remoteref) --ignore-case refs/heads/main refs/remotes/main [323ms]
2026-07-14 14:52:57.022 [info] > git config --get commit.template [360ms]
2026-07-14 14:52:57.215 [info] > git diff --raw --numstat --diff-filter=ADMR -z --find-renames=50% ec4d7dbebd2e8406eb88eb25681f7f0057a4fb51...refs/remotes/origin/main -- [299ms]
2026-07-14 14:52:57.234 [info] > git check-ignore -v -z --stdin [303ms]
2026-07-14 14:52:57.271 [info] > git status -z -uall [237ms]
2026-07-14 14:52:57.273 [info] > git for-each-ref --sort -committerdate --format %(refname)%00%(objectname)%00%(*objectname) [234ms]
2026-07-14 14:52:57.633 [info] > git ls-files --stage -- index.html [94ms]
2026-07-14 14:52:57.716 [info] > git check-ignore -v -z --stdin [100ms]
2026-07-14 14:52:57.734 [info] > git cat-file -s c191ed2393fa3436ba55451f5b519d19d4700a5b [93ms]
2026-07-14 14:52:57.817 [info] > git show --textconv :index.html [77ms]
2026-07-14 14:52:57.998 [info] > git check-ignore -v -z --stdin [77ms]
2026-07-14 14:52:58.137 [info] > git check-ignore -v -z --stdin [84ms]
2026-07-14 14:52:59.168 [info] > git log --format=%H%n%aN%n%aE%n%at%n%ct%n%P%n%D%n%B -z --shortstat --diff-merges=first-parent -n50 --skip=0 --topo-order --decorate=full --stdin [2522ms]
2026-07-14 14:52:59.280 [info] > git merge-base main origin/main [78ms]
2026-07-14 14:53:13.629 [info] > git config --get commit.template [86ms]
2026-07-14 14:53:13.631 [info] > git for-each-ref --format=%(refname)%00%(upstream:short)%00%(objectname)%00%(upstream:track)%00%(upstream:remotename)%00%(upstream:remoteref) --ignore-case refs/heads/main refs/remotes/main [84ms]
2026-07-14 14:53:13.716 [info] > git for-each-ref --sort -committerdate --format %(refname)%00%(objectname)%00%(*objectname) [74ms]
2026-07-14 14:53:13.721 [info] > git status -z -uall [85ms]
2026-07-14 14:53:14.111 [info] > git check-ignore -v -z --stdin [60ms]
2026-07-14 14:53:14.444 [info] > git check-ignore -v -z --stdin [67ms]
2026-07-14 14:53:28.791 [info] > git config --get commit.template [82ms]
2026-07-14 14:53:28.802 [info] > git for-each-ref --format=%(refname)%00%(upstream:short)%00%(objectname)%00%(upstream:track)%00%(upstream:remotename)%00%(upstream:remoteref) --ignore-case refs/heads/main refs/remotes/main [86ms]
2026-07-14 14:53:28.898 [info] > git status -z -uall [90ms]
2026-07-14 14:53:28.899 [info] > git for-each-ref --sort -committerdate --format %(refname)%00%(objectname)%00%(*objectname) [86ms]
2026-07-14 14:53:44.457 [info] > git config --get commit.template [85ms]
2026-07-14 14:53:44.468 [info] > git for-each-ref --format=%(refname)%00%(upstream:short)%00%(objectname)%00%(upstream:track)%00%(upstream:remotename)%00%(upstream:remoteref) --ignore-case refs/heads/main refs/remotes/main [89ms]
2026-07-14 14:53:44.552 [info] > git for-each-ref --sort -committerdate --format %(refname)%00%(objectname)%00%(*objectname) [75ms]
2026-07-14 14:53:44.555 [info] > git status -z -uall [83ms]
2026-07-14 14:53:59.561 [info] > git config --get commit.template [80ms]
2026-07-14 14:53:59.576 [info] > git for-each-ref --format=%(refname)%00%(upstream:short)%00%(objectname)%00%(upstream:track)%00%(upstream:remotename)%00%(upstream:remoteref) --ignore-case refs/heads/main refs/remotes/main [89ms]
2026-07-14 14:53:59.661 [info] > git status -z -uall [80ms]
2026-07-14 14:53:59.664 [info] > git for-each-ref --sort -committerdate --format %(refname)%00%(objectname)%00%(*objectname) [79ms]
2026-07-14 14:54:14.738 [info] > git config --get commit.template [81ms]
2026-07-14 14:54:14.746 [info] > git for-each-ref --format=%(refname)%00%(upstream:short)%00%(objectname)%00%(upstream:track)%00%(upstream:remotename)%00%(upstream:remoteref) --ignore-case refs/heads/main refs/remotes/main [83ms]
2026-07-14 14:54:14.832 [info] > git for-each-ref --sort -committerdate --format %(refname)%00%(objectname)%00%(*objectname) [76ms]
2026-07-14 14:54:14.833 [info] > git status -z -uall [82ms]
2026-07-14 14:54:29.868 [info] > git config --get commit.template [92ms]
2026-07-14 14:54:29.882 [info] > git for-each-ref --format=%(refname)%00%(upstream:short)%00%(objectname)%00%(upstream:track)%00%(upstream:remotename)%00%(upstream:remoteref) --ignore-case refs/heads/main refs/remotes/main [100ms]
2026-07-14 14:54:29.975 [info] > git for-each-ref --sort -committerdate --format %(refname)%00%(objectname)%00%(*objectname) [81ms]
2026-07-14 14:54:29.975 [info] > git status -z -uall [88ms]
2026-07-14 14:54:45.149 [info] > git config --get commit.template [81ms]
2026-07-14 14:54:45.160 [info] > git for-each-ref --format=%(refname)%00%(upstream:short)%00%(objectname)%00%(upstream:track)%00%(upstream:remotename)%00%(upstream:remoteref) --ignore-case refs/heads/main refs/remotes/main [85ms]
2026-07-14 14:54:45.245 [info] > git status -z -uall [80ms]
2026-07-14 14:54:45.251 [info] > git for-each-ref --sort -committerdate --format %(refname)%00%(objectname)%00%(*objectname) [82ms]
2026-07-14 14:55:00.322 [info] > git config --get commit.template [83ms]
2026-07-14 14:55:00.342 [info] > git for-each-ref --format=%(refname)%00%(upstream:short)%00%(objectname)%00%(upstream:track)%00%(upstream:remotename)%00%(upstream:remoteref) --ignore-case refs/heads/main refs/remotes/main [76ms]
2026-07-14 14:55:00.428 [info] > git for-each-ref --sort -committerdate --format %(refname)%00%(objectname)%00%(*objectname) [77ms]
2026-07-14 14:55:00.429 [info] > git status -z -uall [82ms]
2026-07-14 14:55:15.487 [info] > git config --get commit.template [78ms]
2026-07-14 14:55:15.501 [info] > git for-each-ref --format=%(refname)%00%(upstream:short)%00%(objectname)%00%(upstream:track)%00%(upstream:remotename)%00%(upstream:remoteref) --ignore-case refs/heads/main refs/remotes/main [87ms]
2026-07-14 14:55:15.587 [info] > git for-each-ref --sort -committerdate --format %(refname)%00%(objectname)%00%(*objectname) [75ms]
2026-07-14 14:55:15.591 [info] > git status -z -uall [84ms]
2026-07-14 16:25:42.829 [info] > git config --get commit.template [131ms]
2026-07-14 16:25:42.838 [info] > git for-each-ref --format=%(refname)%00%(upstream:short)%00%(objectname)%00%(upstream:track)%00%(upstream:remotename)%00%(upstream:remoteref) --ignore-case refs/heads/main refs/remotes/main [126ms]
2026-07-14 16:25:42.947 [info] > git for-each-ref --sort -committerdate --format %(refname)%00%(objectname)%00%(*objectname) [92ms]
2026-07-14 16:25:42.951 [info] > git status -z -uall [101ms]
2026-07-14 16:25:43.414 [info] > git check-ignore -v -z --stdin [125ms]
2026-07-14 16:25:43.706 [info] > git check-ignore -v -z --stdin [84ms]
2026-07-14 16:38:56.387 [info] > git config --get commit.template [117ms]
2026-07-14 16:38:56.397 [info] > git for-each-ref --format=%(refname)%00%(upstream:short)%00%(objectname)%00%(upstream:track)%00%(upstream:remotename)%00%(upstream:remoteref) --ignore-case refs/heads/main refs/remotes/main [116ms]
2026-07-14 16:38:56.593 [info] > git status -z -uall [193ms]
2026-07-14 16:38:56.599 [info] > git for-each-ref --sort -committerdate --format %(refname)%00%(objectname)%00%(*objectname) [194ms]
2026-07-14 16:38:57.039 [info] > git check-ignore -v -z --stdin [119ms]
2026-07-14 16:39:01.705 [info] > git config --get commit.template [79ms]
2026-07-14 16:39:01.716 [info] > git for-each-ref --format=%(refname)%00%(upstream:short)%00%(objectname)%00%(upstream:track)%00%(upstream:remotename)%00%(upstream:remoteref) --ignore-case refs/heads/main refs/remotes/main [79ms]
2026-07-14 16:39:01.793 [info] > git status -z -uall [74ms]
2026-07-14 16:39:01.794 [info] > git for-each-ref --sort -committerdate --format %(refname)%00%(objectname)%00%(*objectname) [68ms]
2026-07-14 16:39:06.898 [info] > git config --get commit.template [85ms]
2026-07-14 16:39:06.906 [info] > git for-each-ref --format=%(refname)%00%(upstream:short)%00%(objectname)%00%(upstream:track)%00%(upstream:remotename)%00%(upstream:remoteref) --ignore-case refs/heads/main refs/remotes/main [83ms]
2026-07-14 16:39:06.992 [info] > git status -z -uall [81ms]
2026-07-14 16:39:06.995 [info] > git for-each-ref --sort -committerdate --format %(refname)%00%(objectname)%00%(*objectname) [80ms]
2026-07-14 16:40:10.203 [info] > git config --get commit.template [153ms]
2026-07-14 16:40:10.213 [info] > git for-each-ref --format=%(refname)%00%(upstream:short)%00%(objectname)%00%(upstream:track)%00%(upstream:remotename)%00%(upstream:remoteref) --ignore-case refs/heads/main refs/remotes/main [157ms]
2026-07-14 16:40:10.364 [info] > git for-each-ref --sort -committerdate --format %(refname)%00%(objectname)%00%(*objectname) [142ms]
2026-07-14 16:40:10.365 [info] > git status -z -uall [147ms]
2026-07-14 16:40:15.471 [info] > git config --get commit.template [87ms]
2026-07-14 16:40:15.477 [info] > git for-each-ref --format=%(refname)%00%(upstream:short)%00%(objectname)%00%(upstream:track)%00%(upstream:remotename)%00%(upstream:remoteref) --ignore-case refs/heads/main refs/remotes/main [79ms]
2026-07-14 16:40:15.553 [info] > git for-each-ref --sort -committerdate --format %(refname)%00%(objectname)%00%(*objectname) [68ms]
2026-07-14 16:40:15.554 [info] > git status -z -uall [73ms]
2026-07-14 16:40:21.592 [info] > git config --get commit.template [84ms]
2026-07-14 16:40:21.602 [info] > git for-each-ref --format=%(refname)%00%(upstream:short)%00%(objectname)%00%(upstream:track)%00%(upstream:remotename)%00%(upstream:remoteref) --ignore-case refs/heads/main refs/remotes/main [83ms]
2026-07-14 16:40:21.693 [info] > git status -z -uall [87ms]
2026-07-14 16:40:21.698 [info] > git for-each-ref --sort -committerdate --format %(refname)%00%(objectname)%00%(*objectname) [86ms]
2026-07-14 16:41:41.786 [info] > git config --get commit.template [219ms]
2026-07-14 16:41:41.817 [info] > git for-each-ref --format=%(refname)%00%(upstream:short)%00%(objectname)%00%(upstream:track)%00%(upstream:remotename)%00%(upstream:remoteref) --ignore-case refs/heads/main refs/remotes/main [214ms]
2026-07-14 16:41:41.931 [info] > git status -z -uall [110ms]
2026-07-14 16:41:41.932 [info] > git for-each-ref --sort -committerdate --format %(refname)%00%(objectname)%00%(*objectname) [104ms]
2026-07-14 16:41:47.024 [info] > git config --get commit.template [80ms]
2026-07-14 16:41:47.036 [info] > git for-each-ref --format=%(refname)%00%(upstream:short)%00%(objectname)%00%(upstream:track)%00%(upstream:remotename)%00%(upstream:remoteref) --ignore-case refs/heads/main refs/remotes/main [87ms]
2026-07-14 16:41:47.131 [info] > git status -z -uall [91ms]
2026-07-14 16:41:47.140 [info] > git for-each-ref --sort -committerdate --format %(refname)%00%(objectname)%00%(*objectname) [92ms]
2026-07-14 16:41:53.082 [info] > git check-ignore -v -z --stdin [452ms]
2026-07-14 16:41:53.689 [info] > git config --get commit.template [667ms]
2026-07-14 16:41:53.787 [info] > git for-each-ref --format=%(refname)%00%(upstream:short)%00%(objectname)%00%(upstream:track)%00%(upstream:remotename)%00%(upstream:remoteref) --ignore-case refs/heads/main refs/remotes/main [735ms]
2026-07-14 16:41:54.264 [info] > git status -z -uall [448ms]
2026-07-14 16:41:54.337 [info] > git for-each-ref --sort -committerdate --format %(refname)%00%(objectname)%00%(*objectname) [455ms]
2026-07-14 16:41:55.378 [info] > git check-ignore -v -z --stdin [533ms]
2026-07-14 16:42:08.649 [info] > git config --get commit.template [138ms]
2026-07-14 16:42:08.663 [info] > git for-each-ref --format=%(refname)%00%(upstream:short)%00%(objectname)%00%(upstream:track)%00%(upstream:remotename)%00%(upstream:remoteref) --ignore-case refs/heads/main refs/remotes/main [145ms]
2026-07-14 16:42:08.784 [info] > git for-each-ref --sort -committerdate --format %(refname)%00%(objectname)%00%(*objectname) [111ms]
2026-07-14 16:42:08.786 [info] > git status -z -uall [118ms]
2026-07-14 16:43:17.260 [info] > git config --get commit.template [118ms]
2026-07-14 16:43:17.267 [info] > git for-each-ref --format=%(refname)%00%(upstream:short)%00%(objectname)%00%(upstream:track)%00%(upstream:remotename)%00%(upstream:remoteref) --ignore-case refs/heads/main refs/remotes/main [114ms]
2026-07-14 16:43:17.371 [info] > git status -z -uall [101ms]
2026-07-14 16:43:17.374 [info] > git for-each-ref --sort -committerdate --format %(refname)%00%(objectname)%00%(*objectname) [94ms]
2026-07-14 16:43:22.482 [info] > git config --get commit.template [82ms]
2026-07-14 16:43:22.488 [info] > git for-each-ref --format=%(refname)%00%(upstream:short)%00%(objectname)%00%(upstream:track)%00%(upstream:remotename)%00%(upstream:remoteref) --ignore-case refs/heads/main refs/remotes/main [83ms]
2026-07-14 16:43:22.577 [info] > git status -z -uall [84ms]
2026-07-14 16:43:22.582 [info] > git for-each-ref --sort -committerdate --format %(refname)%00%(objectname)%00%(*objectname) [84ms]
2026-07-14 16:43:29.544 [info] > git config --get commit.template [92ms]
2026-07-14 16:43:29.551 [info] > git for-each-ref --format=%(refname)%00%(upstream:short)%00%(objectname)%00%(upstream:track)%00%(upstream:remotename)%00%(upstream:remoteref) --ignore-case refs/heads/main refs/remotes/main [84ms]
2026-07-14 16:43:29.632 [info] > git status -z -uall [77ms]
2026-07-14 16:43:29.632 [info] > git for-each-ref --sort -committerdate --format %(refname)%00%(objectname)%00%(*objectname) [73ms]
2026-07-14 16:43:45.089 [info] > git for-each-ref --format=%(refname)%00%(upstream:short)%00%(objectname)%00%(upstream:track)%00%(upstream:remotename)%00%(upstream:remoteref) --ignore-case refs/heads/main refs/remotes/main [294ms]
2026-07-14 16:43:45.094 [info] > git config --get commit.template [311ms]
2026-07-14 16:43:45.187 [info] > git for-each-ref --sort -committerdate --format %(refname)%00%(objectname)%00%(*objectname) [82ms]
2026-07-14 16:43:45.195 [info] > git status -z -uall [95ms]
2026-07-14 16:44:00.059 [info] > git config --get commit.template [89ms]
2026-07-14 16:44:00.064 [info] > git for-each-ref --format=%(refname)%00%(upstream:short)%00%(objectname)%00%(upstream:track)%00%(upstream:remotename)%00%(upstream:remoteref) --ignore-case refs/heads/main refs/remotes/main [89ms]
2026-07-14 16:44:00.208 [info] > git status -z -uall [140ms]
2026-07-14 16:44:00.209 [info] > git for-each-ref --sort -committerdate --format %(refname)%00%(objectname)%00%(*objectname) [136ms]
2026-07-14 16:44:15.187 [info] > git config --get commit.template [67ms]
2026-07-14 16:44:15.196 [info] > git for-each-ref --format=%(refname)%00%(upstream:short)%00%(objectname)%00%(upstream:track)%00%(upstream:remotename)%00%(upstream:remoteref) --ignore-case refs/heads/main refs/remotes/main [72ms]
2026-07-14 16:44:15.281 [info] > git status -z -uall [80ms]
2026-07-14 16:44:15.281 [info] > git for-each-ref --sort -committerdate --format %(refname)%00%(objectname)%00%(*objectname) [77ms]
2026-07-14 16:44:30.329 [info] > git config --get commit.template [65ms]
2026-07-14 16:44:30.337 [info] > git for-each-ref --format=%(refname)%00%(upstream:short)%00%(objectname)%00%(upstream:track)%00%(upstream:remotename)%00%(upstream:remoteref) --ignore-case refs/heads/main refs/remotes/main [69ms]
2026-07-14 16:44:30.412 [info] > git status -z -uall [70ms]
2026-07-14 16:44:30.412 [info] > git for-each-ref --sort -committerdate --format %(refname)%00%(objectname)%00%(*objectname) [67ms]
2026-07-14 16:44:45.866 [info] > git config --get commit.template [76ms]
2026-07-14 16:44:45.876 [info] > git for-each-ref --format=%(refname)%00%(upstream:short)%00%(objectname)%00%(upstream:track)%00%(upstream:remotename)%00%(upstream:remoteref) --ignore-case refs/heads/main refs/remotes/main [82ms]
2026-07-14 16:44:45.956 [info] > git status -z -uall [76ms]
2026-07-14 16:44:45.959 [info] > git for-each-ref --sort -committerdate --format %(refname)%00%(objectname)%00%(*objectname) [75ms]
2026-07-14 16:45:01.119 [info] > git config --get commit.template [72ms]
2026-07-14 16:45:01.128 [info] > git for-each-ref --format=%(refname)%00%(upstream:short)%00%(objectname)%00%(upstream:track)%00%(upstream:remotename)%00%(upstream:remoteref) --ignore-case refs/heads/main refs/remotes/main [75ms]
2026-07-14 16:45:01.208 [info] > git status -z -uall [76ms]
2026-07-14 16:45:01.211 [info] > git for-each-ref --sort -committerdate --format %(refname)%00%(objectname)%00%(*objectname) [74ms]
2026-07-14 16:45:16.262 [info] > git config --get commit.template [78ms]
2026-07-14 16:45:16.273 [info] > git for-each-ref --format=%(refname)%00%(upstream:short)%00%(objectname)%00%(upstream:track)%00%(upstream:remotename)%00%(upstream:remoteref) --ignore-case refs/heads/main refs/remotes/main [82ms]
2026-07-14 16:45:16.413 [info] > git status -z -uall [136ms]
2026-07-14 16:45:16.414 [info] > git for-each-ref --sort -committerdate --format %(refname)%00%(objectname)%00%(*objectname) [132ms]
2026-07-14 16:46:02.378 [info] [main] Protokolliergrad: Info
2026-07-14 16:46:02.378 [info] [main] Gefundenes Git wird überprüft in: "C:\Program Files\Git\cmd\git.exe"
2026-07-14 16:46:02.378 [info] [main] Git "2.50.1.windows.1" von "C:\Program Files\Git\cmd\git.exe" verwenden
2026-07-14 16:46:02.378 [info] [Model][doInitialScan] Initial repository scan started
2026-07-14 16:46:02.729 [info] > git init -b main [1495ms]
2026-07-14 16:46:02.729 [info] warning: re-init: ignored --initial-branch=main
2026-07-14 16:46:02.729 [info] > git rev-parse --show-toplevel [1462ms]
2026-07-14 16:46:02.730 [info] > git init -b main [1483ms]
2026-07-14 16:46:02.730 [info] error: could not lock config file E:/2026/__Github_Workspace/Curriculos_/.git/config: File exists
error: could not lock config file E:/2026/__Github_Workspace/Curriculos_/.git/config: File exists
error: could not lock config file E:/2026/__Github_Workspace/Curriculos_/.git/config: File exists
fatal: could not set 'core.repositoryformatversion' to '0'
2026-07-14 16:46:02.830 [info] > git init -b main [1587ms]
2026-07-14 16:46:02.830 [info] error: could not lock config file E:/2026/__Github_Workspace/Curriculos_/.git/config: File exists
error: could not lock config file E:/2026/__Github_Workspace/Curriculos_/.git/config: File exists
error: could not lock config file E:/2026/__Github_Workspace/Curriculos_/.git/config: File exists
fatal: could not set 'core.repositoryformatversion' to '0'
2026-07-14 16:46:04.994 [info] > git rev-parse --git-dir --git-common-dir --show-superproject-working-tree [1124ms]
2026-07-14 16:46:09.069 [info] [Model][openRepository] Opened repository (path): e:\2026\__Github_Workspace\Curriculos_
2026-07-14 16:46:09.069 [info] [Model][openRepository] Opened repository (real path): e:\2026\__Github_Workspace\Curriculos_
2026-07-14 16:46:09.069 [info] [Model][openRepository] Opened repository (kind): repository
2026-07-14 16:46:11.157 [info] > git config --get --local core.virtualfilesystem [2038ms]
2026-07-14 16:46:11.157 [warning] [Git][config] git config failed: Failed to execute git
2026-07-14 16:46:11.291 [info] > git rev-parse --show-toplevel [363ms]
2026-07-14 16:46:11.292 [info] > git config --get commit.template [369ms]
2026-07-14 16:46:12.178 [info] > git rev-parse --show-toplevel [880ms]
2026-07-14 16:46:12.179 [info] > git for-each-ref --format=%(refname)%00%(upstream:short)%00%(objectname)%00%(upstream:track)%00%(upstream:remotename)%00%(upstream:remoteref) --ignore-case refs/heads/main refs/remotes/main [924ms]
2026-07-14 16:46:12.522 [info] > git check-ignore -v -z --stdin [1239ms]
2026-07-14 16:46:12.720 [info] > git check-ignore -v -z --stdin [378ms]
2026-07-14 16:46:12.774 [info] > git rev-parse --show-toplevel [255ms]
2026-07-14 16:46:14.504 [info] > git status -z -uall [1675ms]
2026-07-14 16:46:14.564 [info] > git rev-parse --show-toplevel [1609ms]
2026-07-14 16:46:14.569 [info] > git for-each-ref --sort -committerdate --format %(refname)%00%(objectname)%00%(*objectname) [1729ms]
2026-07-14 16:46:16.115 [info] > git for-each-ref --format=%(refname)%00%(upstream:short)%00%(objectname)%00%(upstream:track)%00%(upstream:remotename)%00%(upstream:remoteref) --ignore-case refs/heads/main refs/remotes/main [1520ms]
2026-07-14 16:46:17.015 [info] > git config --get commit.template [1051ms]
2026-07-14 16:46:17.015 [info] > git rev-parse --show-toplevel [1057ms]
2026-07-14 16:46:17.142 [info] > git for-each-ref --format=%(refname)%00%(upstream:short)%00%(objectname)%00%(upstream:track)%00%(upstream:remotename)%00%(upstream:remoteref) --ignore-case refs/heads/main refs/remotes/main [892ms]
2026-07-14 16:46:17.296 [info] > git config --get --local branch.main.vscode-merge-base [1167ms]
2026-07-14 16:46:18.436 [info] > git status -z -uall [1114ms]
2026-07-14 16:46:18.453 [info] > git for-each-ref --sort -committerdate --format %(refname)%00%(objectname)%00%(*objectname) [1121ms]
2026-07-14 16:46:18.462 [info] > git rev-parse --show-toplevel [1335ms]
2026-07-14 16:46:18.463 [info] [Model][doInitialScan] Initial repository scan completed - repositories (1), closed repositories (0), parent repositories (0), unsafe repositories (0)
2026-07-14 16:46:18.649 [info] > git for-each-ref --format=%(refname)%00%(upstream:short)%00%(objectname)%00%(upstream:track)%00%(upstream:remotename)%00%(upstream:remoteref) --ignore-case refs/heads/origin/main refs/remotes/origin/main [1338ms]
2026-07-14 16:46:19.879 [info] > git ls-files --stage -- index.html [1384ms]
2026-07-14 16:46:19.896 [info] > git merge-base refs/heads/main refs/remotes/origin/main [1233ms]
2026-07-14 16:46:19.905 [info] > git merge-base refs/heads/main refs/remotes/origin/main [1234ms]
2026-07-14 16:46:21.371 [info] > git diff --raw --numstat --diff-filter=ADMR -z --find-renames=50% ec4d7dbebd2e8406eb88eb25681f7f0057a4fb51...refs/remotes/origin/main -- [1458ms]
2026-07-14 16:46:21.374 [info] > git cat-file -s c191ed2393fa3436ba55451f5b519d19d4700a5b [1478ms]
2026-07-14 16:46:21.374 [info] > git diff --raw --numstat --diff-filter=ADMR -z --find-renames=50% ec4d7dbebd2e8406eb88eb25681f7f0057a4fb51...refs/remotes/origin/main -- [1470ms]
2026-07-14 16:46:22.000 [info] > git show --textconv :index.html [608ms]
2026-07-14 16:46:29.083 [info] > git log --format=%H%n%aN%n%aE%n%at%n%ct%n%P%n%D%n%B -z --shortstat --diff-merges=first-parent -n50 --skip=0 --topo-order --decorate=full --stdin [10156ms]
2026-07-14 16:46:33.695 [info] > git merge-base main origin/main [1752ms]
2026-07-14 16:47:06.073 [info] > git config --get commit.template [30554ms]
2026-07-14 16:47:06.074 [info] > git for-each-ref --format=%(refname)%00%(upstream:short)%00%(objectname)%00%(upstream:track)%00%(upstream:remotename)%00%(upstream:remoteref) --ignore-case refs/heads/main refs/remotes/main [30275ms]
2026-07-14 16:47:06.928 [info] > git status -z -uall [588ms]
2026-07-14 16:47:06.978 [info] > git for-each-ref --sort -committerdate --format %(refname)%00%(objectname)%00%(*objectname) [634ms]
2026-07-14 16:47:12.165 [info] > git config --get commit.template [103ms]
2026-07-14 16:47:12.187 [info] > git for-each-ref --format=%(refname)%00%(upstream:short)%00%(objectname)%00%(upstream:track)%00%(upstream:remotename)%00%(upstream:remoteref) --ignore-case refs/heads/main refs/remotes/main [119ms]
2026-07-14 16:47:12.346 [info] > git status -z -uall [151ms]
2026-07-14 16:47:12.358 [info] > git for-each-ref --sort -committerdate --format %(refname)%00%(objectname)%00%(*objectname) [156ms]
2026-07-14 16:47:13.143 [info] > git log --format=%H%n%aN%n%aE%n%at%n%ct%n%P%n%D%n%B -z --shortstat --diff-merges=first-parent -n50 --skip=0 --topo-order --decorate=full --stdin [3763ms]
2026-07-14 16:47:13.274 [info] > git merge-base main origin/main [82ms]
2026-07-14 16:47:23.160 [info] > git config --get commit.template [84ms]
2026-07-14 16:47:23.170 [info] > git for-each-ref --format=%(refname)%00%(upstream:short)%00%(objectname)%00%(upstream:track)%00%(upstream:remotename)%00%(upstream:remoteref) --ignore-case refs/heads/main refs/remotes/main [87ms]
2026-07-14 16:47:23.288 [info] > git for-each-ref --sort -committerdate --format %(refname)%00%(objectname)%00%(*objectname) [107ms]
2026-07-14 16:47:23.297 [info] > git status -z -uall [121ms]
2026-07-14 16:49:27.029 [info] > git add -A -- index.html [275ms]
2026-07-14 16:49:27.047 [info] > git -c user.useConfigOnly=true commit --quiet --allow-empty-message --file - --amend [443ms]
2026-07-14 16:49:27.080 [info] > git check-ignore -v -z --stdin [306ms]
2026-07-14 16:49:27.425 [info] > git for-each-ref --format=%(refname)%00%(upstream:short)%00%(objectname)%00%(upstream:track)%00%(upstream:remotename)%00%(upstream:remoteref) --ignore-case refs/heads/main refs/remotes/main [382ms]
2026-07-14 16:49:27.426 [info] > git config --get commit.template [374ms]
2026-07-14 16:49:27.460 [info] > git config --get commit.template [422ms]
2026-07-14 16:49:27.484 [info] > git ls-files --stage -- index.html [387ms]
2026-07-14 16:49:27.512 [info] > git show --textconv :index.html [421ms]
2026-07-14 16:49:27.748 [info] > git config --get commit.template [314ms]
2026-07-14 16:49:27.748 [info] > git for-each-ref --format=%(refname)%00%(upstream:short)%00%(objectname)%00%(upstream:track)%00%(upstream:remotename)%00%(upstream:remoteref) --ignore-case refs/heads/main refs/remotes/main [297ms]
2026-07-14 16:49:27.779 [info] > git merge-base refs/heads/main refs/remotes/origin/main [312ms]
2026-07-14 16:49:27.820 [info] > git cat-file -s b5b20bdc7615f521f0dc8837a7922be983436aa0 [321ms]
2026-07-14 16:49:28.027 [info] > git status -z -uall [274ms]
2026-07-14 16:49:28.040 [info] > git for-each-ref --sort -committerdate --format %(refname)%00%(objectname)%00%(*objectname) [282ms]
2026-07-14 16:49:28.078 [info] > git diff --raw --numstat --diff-filter=ADMR -z --find-renames=50% ec4d7dbebd2e8406eb88eb25681f7f0057a4fb51...refs/remotes/origin/main -- [293ms]
2026-07-14 16:49:28.156 [info] > git blame --root --incremental 0481e5f7f1827b426ee0c57f24bc1b4a72c55428 -- index.html [309ms]
2026-07-14 16:49:28.196 [info] > git check-ignore -v -z --stdin [340ms]
2026-07-14 16:49:28.262 [info] > git merge-base refs/heads/main refs/remotes/origin/main [209ms]
2026-07-14 16:49:28.310 [info] > git config --get commit.template [209ms]
2026-07-14 16:49:28.310 [info] > git for-each-ref --format=%(refname)%00%(upstream:short)%00%(objectname)%00%(upstream:track)%00%(upstream:remotename)%00%(upstream:remoteref) --ignore-case refs/heads/main refs/remotes/main [202ms]
2026-07-14 16:49:28.680 [info] > git diff --raw --numstat --diff-filter=ADMR -z --find-renames=50% ec4d7dbebd2e8406eb88eb25681f7f0057a4fb51...refs/remotes/origin/main -- [413ms]
2026-07-14 16:49:28.702 [info] > git for-each-ref --sort -committerdate --format %(refname)%00%(objectname)%00%(*objectname) [377ms]
2026-07-14 16:49:28.713 [info] > git status -z -uall [394ms]
2026-07-14 16:49:28.842 [info] > git ls-files --stage -- index.html [262ms]
2026-07-14 16:49:28.857 [info] > git check-ignore -v -z --stdin [244ms]
2026-07-14 16:49:28.985 [info] > git cat-file -s b5b20bdc7615f521f0dc8837a7922be983436aa0 [138ms]
2026-07-14 16:49:29.001 [info] > git add -A -- . [435ms]
2026-07-14 16:49:29.001 [info] warning: in the working copy of '.refact/buddy/memory_ops.jsonl', LF will be replaced by CRLF the next time Git touches it
warning: in the working copy of '.refact/buddy/runtime_queue.jsonl', LF will be replaced by CRLF the next time Git touches it
2026-07-14 16:49:29.028 [info] > git show --textconv HEAD:index.html [161ms]
2026-07-14 16:49:29.037 [info] > git ls-tree -l HEAD -- index.html [161ms]
2026-07-14 16:49:29.132 [info] > git show --textconv :index.html [139ms]
2026-07-14 16:49:29.240 [info] > git -c user.useConfigOnly=true commit --quiet --allow-empty-message --file - [227ms]
2026-07-14 16:49:29.326 [info] > git config --get commit.template [82ms]
2026-07-14 16:49:29.442 [info] > git config --get commit.template [109ms]
2026-07-14 16:49:29.452 [info] > git for-each-ref --format=%(refname)%00%(upstream:short)%00%(objectname)%00%(upstream:track)%00%(upstream:remotename)%00%(upstream:remoteref) --ignore-case refs/heads/main refs/remotes/main [113ms]
2026-07-14 16:49:29.579 [info] > git for-each-ref --sort -committerdate --format %(refname)%00%(objectname)%00%(*objectname) [114ms]
2026-07-14 16:49:29.582 [info] > git status -z -uall [123ms]
2026-07-14 16:49:30.321 [info] > git merge-base refs/heads/main refs/remotes/origin/main [720ms]
2026-07-14 16:49:30.430 [info] > git blame --root --incremental 576b3500ace23f1357a3a16f269724c7bcbaa04e -- index.html [835ms]
2026-07-14 16:49:30.486 [info] > git config --get commit.template [761ms]
2026-07-14 16:49:30.486 [info] > git add -A -- . [733ms]
2026-07-14 16:49:30.513 [info] > git check-ignore -v -z --stdin [779ms]
2026-07-14 16:49:30.514 [info] > git for-each-ref --format=%(refname)%00%(upstream:short)%00%(objectname)%00%(upstream:track)%00%(upstream:remotename)%00%(upstream:remoteref) --ignore-case refs/heads/main refs/remotes/main [629ms]
2026-07-14 16:49:30.704 [info] > git diff --raw --numstat --diff-filter=ADMR -z --find-renames=50% ec4d7dbebd2e8406eb88eb25681f7f0057a4fb51...refs/remotes/origin/main -- [369ms]
2026-07-14 16:49:30.726 [info] > git log --format=%H%n%aN%n%aE%n%at%n%ct%n%P%n%D%n%B -z --shortstat --diff-merges=first-parent -n50 --skip=0 --topo-order --decorate=full --stdin [4182ms]
2026-07-14 16:49:30.795 [info] > git add -A -- . [478ms]
2026-07-14 16:49:30.804 [info] > git status -z -uall [252ms]
2026-07-14 16:49:30.806 [info] > git -c user.useConfigOnly=true commit --quiet --allow-empty-message --file - [309ms]
2026-07-14 16:49:30.806 [info] fatal: Unable to create 'E:/2026/__Github_Workspace/Curriculos_/.git/index.lock': File exists.

Another git process seems to be running in this repository, e.g.
an editor opened by 'git commit'. Please make sure all processes
are terminated then try again. If it still fails, a git process
may have crashed in this repository earlier:
remove the file manually to continue.
2026-07-14 16:49:30.831 [info] > git for-each-ref --sort -committerdate --format %(refname)%00%(objectname)%00%(*objectname) [270ms]
2026-07-14 16:49:30.844 [info] > git check-ignore -v -z --stdin [298ms]
2026-07-14 16:49:30.965 [info] > git merge-base main origin/main [179ms]
2026-07-14 16:49:30.989 [info] > git config --get-all user.name [176ms]
2026-07-14 16:49:31.065 [info] > git -c user.useConfigOnly=true commit --quiet --allow-empty-message --file - [262ms]
2026-07-14 16:49:31.138 [info] > git config --get-all user.email [141ms]
2026-07-14 16:49:31.569 [info] > git config --get commit.template [498ms]
2026-07-14 16:49:31.733 [info] > git check-ignore -v -z --stdin [538ms]
2026-07-14 16:49:31.903 [info] > git -c user.useConfigOnly=true commit --quiet --allow-empty-message --file - [484ms]
2026-07-14 16:49:31.912 [info] > git ls-files --stage -- index.html [477ms]
2026-07-14 16:49:31.962 [info] > git add -A -- . [534ms]
2026-07-14 16:49:32.038 [info] > git config --get commit.template [460ms]
2026-07-14 16:49:32.059 [info] > git for-each-ref --format=%(refname)%00%(upstream:short)%00%(objectname)%00%(upstream:track)%00%(upstream:remotename)%00%(upstream:remoteref) --ignore-case refs/heads/main refs/remotes/main [473ms]
2026-07-14 16:49:32.179 [info] > git add -A -- . [378ms]
2026-07-14 16:49:32.209 [info] > git check-ignore -v -z --stdin [307ms]
2026-07-14 16:49:32.253 [info] > git config --get-all user.name [341ms]
2026-07-14 16:49:32.368 [info] > git -c user.useConfigOnly=true commit --quiet --allow-empty-message --file - [397ms]
2026-07-14 16:49:32.452 [info] > git for-each-ref --sort -committerdate --format %(refname)%00%(objectname)%00%(*objectname) [378ms]
2026-07-14 16:49:32.470 [info] > git status -z -uall [403ms]
2026-07-14 16:49:32.500 [info] > git cat-file -s b5b20bdc7615f521f0dc8837a7922be983436aa0 [570ms]
2026-07-14 16:49:32.768 [info] > git config --get-all user.email [501ms]
2026-07-14 16:49:33.103 [info] > git -c user.useConfigOnly=true commit --quiet --allow-empty-message --file - [915ms]
2026-07-14 16:49:33.110 [info] > git add -A -- . [760ms]
2026-07-14 16:49:33.327 [info] > git config --get-all user.name [941ms]
2026-07-14 16:49:33.367 [info] > git config --get commit.template [833ms]
2026-07-14 16:49:33.367 [info] > git blame --root --incremental 5913c472641b56e460f404025a39f37221108b25 -- index.html [881ms]
2026-07-14 16:49:33.415 [info] > git merge-base refs/heads/main refs/remotes/origin/main [918ms]
2026-07-14 16:49:33.442 [info] > git for-each-ref --format=%(refname)%00%(upstream:short)%00%(objectname)%00%(upstream:track)%00%(upstream:remotename)%00%(upstream:remoteref) --ignore-case refs/heads/main refs/remotes/main [899ms]
2026-07-14 16:49:33.456 [info] > git show --textconv :index.html [933ms]
2026-07-14 16:49:33.635 [info] > git config --get commit.template [832ms]
2026-07-14 16:49:33.867 [info] > git add -A -- . [910ms]
2026-07-14 16:49:33.920 [info] > git config --get-all user.name [810ms]
2026-07-14 16:49:33.926 [info] > git for-each-ref --format=%(refname)%00%(upstream:short)%00%(objectname)%00%(upstream:track)%00%(upstream:remotename)%00%(upstream:remoteref) --ignore-case refs/heads/main refs/remotes/main [978ms]
2026-07-14 16:49:33.982 [info] > git -c user.useConfigOnly=true commit --quiet --allow-empty-message --file - [859ms]
2026-07-14 16:49:34.047 [info] > git add -A -- . [761ms]
2026-07-14 16:49:34.104 [info] > git config --get-all user.email [738ms]
2026-07-14 16:49:34.107 [info] > git for-each-ref --sort -committerdate --format %(refname)%00%(objectname)%00%(*objectname) [164ms] (cancelled)
2026-07-14 16:49:34.161 [info] > git status -z -uall [227ms] (cancelled)
2026-07-14 16:49:34.468 [info] > git merge-base refs/heads/main refs/remotes/origin/main [1015ms]
2026-07-14 16:49:34.479 [info] > git diff --raw --numstat --diff-filter=ADMR -z --find-renames=50% ec4d7dbebd2e8406eb88eb25681f7f0057a4fb51...refs/remotes/origin/main -- [1058ms]
2026-07-14 16:49:34.918 [info] > git add -A -- . [1171ms]
2026-07-14 16:49:34.918 [info] fatal: Unable to create 'E:/2026/__Github_Workspace/Curriculos_/.git/index.lock': File exists.

Another git process seems to be running in this repository, e.g.
an editor opened by 'git commit'. Please make sure all processes
are terminated then try again. If it still fails, a git process
may have crashed in this repository earlier:
remove the file manually to continue.
2026-07-14 16:49:34.918 [info] > git -c user.useConfigOnly=true commit --quiet --allow-empty-message --file - [1005ms]
2026-07-14 16:49:34.924 [info] > git -c user.useConfigOnly=true commit --quiet --allow-empty-message --file - [864ms]
2026-07-14 16:49:34.931 [info] > git config --get-all user.email [1005ms]
2026-07-14 16:49:34.931 [info] > git config --get-all user.name [903ms]
2026-07-14 16:49:34.995 [info] > git merge-base refs/heads/main refs/remotes/origin/main [881ms]
2026-07-14 16:49:35.133 [info] > git config --get commit.template [1011ms]
2026-07-14 16:49:35.134 [info] > git add -A -- . [848ms]
2026-07-14 16:49:35.145 [info] > git config --get commit.template [876ms]
2026-07-14 16:49:35.174 [info] > git for-each-ref --format=%(refname)%00%(upstream:short)%00%(objectname)%00%(upstream:track)%00%(upstream:remotename)%00%(upstream:remoteref) --ignore-case refs/heads/main refs/remotes/main [1018ms]
2026-07-14 16:49:35.450 [info] > git for-each-ref --format=%(refname)%00%(upstream:short)%00%(objectname)%00%(upstream:track)%00%(upstream:remotename)%00%(upstream:remoteref) --ignore-case refs/heads/main refs/remotes/main [985ms]
2026-07-14 16:49:35.524 [info] > git diff --raw --numstat --diff-filter=ADMR -z --find-renames=50% ec4d7dbebd2e8406eb88eb25681f7f0057a4fb51...refs/remotes/origin/main -- [1045ms]
2026-07-14 16:49:35.921 [info] > git add -A -- . [1172ms]
2026-07-14 16:49:35.995 [info] > git for-each-ref --format=%(refname)%00%(upstream:short)%00%(objectname)%00%(upstream:track)%00%(upstream:remotename)%00%(upstream:remoteref) --ignore-case refs/heads/main refs/remotes/main [1042ms]
2026-07-14 16:49:36.078 [info] > git config --get commit.template [1131ms]
2026-07-14 16:49:36.090 [info] > git config --get-all user.name [1167ms]
2026-07-14 16:49:36.112 [info] > git config --get-all user.email [1175ms]
2026-07-14 16:49:36.113 [info] > git for-each-ref --sort -committerdate --format %(refname)%00%(objectname)%00%(*objectname) [24ms] (cancelled)
2026-07-14 16:49:36.352 [info] > git status -z -uall [269ms] (cancelled)
2026-07-14 16:49:36.352 [info] > git add -A -- . [1373ms]
2026-07-14 16:49:36.377 [info] > git config --get-all user.name [1447ms]
2026-07-14 16:49:36.409 [info] > git add -A -- . [1145ms]
2026-07-14 16:49:36.483 [info] > git -c user.useConfigOnly=true commit --quiet --allow-empty-message --file - [1338ms]
2026-07-14 16:49:36.491 [info] > git diff --raw --numstat --diff-filter=ADMR -z --find-renames=50% ec4d7dbebd2e8406eb88eb25681f7f0057a4fb51...refs/remotes/origin/main -- [1489ms]
2026-07-14 16:49:36.866 [info] > git add -A -- . [1146ms]
2026-07-14 16:49:36.879 [info] > git -c user.useConfigOnly=true commit --quiet --allow-empty-message --file - [909ms]
2026-07-14 16:49:37.058 [info] > git config --get-all user.email [963ms]
2026-07-14 16:49:37.081 [info] > git config --get commit.template [955ms]
2026-07-14 16:49:37.198 [info] > git -c user.useConfigOnly=true commit --quiet --allow-empty-message --file - [777ms]
2026-07-14 16:49:37.277 [info] > git for-each-ref --format=%(refname)%00%(upstream:short)%00%(objectname)%00%(upstream:track)%00%(upstream:remotename)%00%(upstream:remoteref) --ignore-case refs/heads/main refs/remotes/main [1100ms]
2026-07-14 16:49:37.278 [info] > git config --get-all user.email [894ms]
2026-07-14 16:49:37.279 [info] > git ls-files --stage -- index.html [951ms]
2026-07-14 16:49:37.378 [info] > git add -A -- . [1060ms]
2026-07-14 16:49:37.456 [info] > git -c user.useConfigOnly=true commit --quiet --allow-empty-message --file - [1092ms]
2026-07-14 16:49:37.496 [info] > git config --get-all user.name [1006ms]
2026-07-14 16:49:37.554 [info] > git add -A -- . [890ms]
2026-07-14 16:49:37.824 [info] > git config --get-all user.name [938ms]
2026-07-14 16:49:37.867 [info] > git -c user.useConfigOnly=true commit --quiet --allow-empty-message --file - [989ms]
2026-07-14 16:49:37.974 [info] > git add -A -- . [778ms]
2026-07-14 16:49:38.024 [info] > git for-each-ref --format=%(refname)%00%(upstream:short)%00%(objectname)%00%(upstream:track)%00%(upstream:remotename)%00%(upstream:remoteref) --ignore-case refs/heads/main refs/remotes/main [953ms]
2026-07-14 16:49:38.025 [info] > git config --get commit.template [959ms]
2026-07-14 16:49:38.046 [info] > git cat-file -s b5b20bdc7615f521f0dc8837a7922be983436aa0 [761ms]
2026-07-14 16:49:38.120 [info] > git config --get commit.template [821ms]
2026-07-14 16:49:38.120 [info] > git config --get-all user.name [843ms]
2026-07-14 16:49:38.368 [info] > git config --get-all user.name [904ms]
2026-07-14 16:49:38.377 [info] > git for-each-ref --format=%(refname)%00%(upstream:short)%00%(objectname)%00%(upstream:track)%00%(upstream:remotename)%00%(upstream:remoteref) --ignore-case refs/heads/main refs/remotes/main [1065ms]
2026-07-14 16:49:38.432 [info] > git -c user.useConfigOnly=true commit --quiet --allow-empty-message --file - [978ms]
2026-07-14 16:49:38.440 [info] > git config --get-all user.email [938ms]
2026-07-14 16:49:38.510 [info] > git log --format=%H%n%aN%n%aE%n%at%n%ct%n%P%n%D%n%B -z --shortstat --diff-merges=first-parent -n50 --skip=0 --topo-order --decorate=full --stdin [7493ms]
2026-07-14 16:49:38.578 [info] > git add -A -- . [928ms]
2026-07-14 16:49:38.615 [info] > git config --get-all user.email [784ms]
2026-07-14 16:49:38.676 [info] > git config --get-all user.name [778ms]
2026-07-14 16:49:38.710 [info] > git show --textconv :index.html [646ms]
2026-07-14 16:49:38.787 [info] > git -c user.useConfigOnly=true commit --quiet --allow-empty-message --file - [1222ms]
2026-07-14 16:49:38.948 [info] > git -c user.useConfigOnly=true commit --quiet --allow-empty-message --file - [963ms]
2026-07-14 16:49:39.050 [info] > git config --get-all user.email [924ms]
2026-07-14 16:49:39.050 [info] > git config --get-all user.email [673ms]
2026-07-14 16:49:39.129 [info] > git add -A -- . [763ms]
2026-07-14 16:49:39.173 [info] > git config --get-all user.name [732ms]
2026-07-14 16:49:39.198 [info] > git for-each-ref --format=%(refname)%00%(upstream:short)%00%(objectname)%00%(upstream:track)%00%(upstream:remotename)%00%(upstream:remoteref) --ignore-case refs/heads/main refs/remotes/main [621ms]
2026-07-14 16:49:39.320 [info] > git config --get commit.template [817ms]
2026-07-14 16:49:39.692 [info] > git config --get commit.template [636ms]
2026-07-14 16:49:39.692 [info] > git config --get-all user.name [739ms]
2026-07-14 16:49:39.697 [info] > git add -A -- . [930ms]
2026-07-14 16:49:39.706 [info] > git config --get commit.template [1037ms]
2026-07-14 16:49:39.706 [info] > git config --get-all user.name [855ms]
2026-07-14 16:49:39.712 [info] > git for-each-ref --format=%(refname)%00%(upstream:short)%00%(objectname)%00%(upstream:track)%00%(upstream:remotename)%00%(upstream:remoteref) --ignore-case refs/heads/main refs/remotes/main [1026ms]
2026-07-14 16:49:39.713 [info] > git merge-base main origin/main [1116ms]
2026-07-14 16:49:39.884 [info] > git config --get-all user.email [1203ms]
2026-07-14 16:49:39.966 [info] > git -c user.useConfigOnly=true commit --quiet --allow-empty-message --file - [1377ms]
2026-07-14 16:49:40.016 [info] > git add -A -- . [718ms]
2026-07-14 16:49:40.032 [info] > git for-each-ref --format=%(refname)%00%(upstream:short)%00%(objectname)%00%(upstream:track)%00%(upstream:remotename)%00%(upstream:remoteref) --ignore-case refs/heads/main refs/remotes/main [868ms]
2026-07-14 16:49:40.032 [info] > git config --get-all user.email [853ms]
2026-07-14 16:49:40.033 [info] > git for-each-ref --format=%(refname)%00%(upstream:short)%00%(objectname)%00%(upstream:track)%00%(upstream:remotename)%00%(upstream:remoteref) --ignore-case refs/heads/main refs/remotes/main [863ms]
2026-07-14 16:49:40.033 [info] > git config --get commit.template [905ms]
2026-07-14 16:49:40.125 [info] > git -c user.useConfigOnly=true commit --quiet --allow-empty-message --file - [985ms]
2026-07-14 16:49:40.298 [info] > git -c user.useConfigOnly=true commit --quiet --allow-empty-message --file - [592ms]
2026-07-14 16:49:40.414 [info] > git config --get-all user.email [702ms]
2026-07-14 16:49:40.433 [info] > git config --get-all user.email [737ms]
2026-07-14 16:49:40.585 [info] > git config --get commit.template [571ms]
2026-07-14 16:49:40.630 [info] > git config --get commit.template [586ms]
2026-07-14 16:49:40.661 [info] > git -c user.useConfigOnly=true commit --quiet --allow-empty-message --file - [630ms]
2026-07-14 16:49:40.668 [info] > git add -A -- . [666ms]
2026-07-14 16:49:40.668 [info] fatal: Unable to create 'E:/2026/__Github_Workspace/Curriculos_/.git/index.lock': File exists.

Another git process seems to be running in this repository, e.g.
an editor opened by 'git commit'. Please make sure all processes
are terminated then try again. If it still fails, a git process
may have crashed in this repository earlier:
remove the file manually to continue.
2026-07-14 16:49:40.684 [info] > git config --get-all user.name [700ms]
2026-07-14 16:49:40.730 [info] > git config --get-all user.name [598ms]
2026-07-14 16:49:40.751 [info] > git for-each-ref --format=%(refname)%00%(upstream:short)%00%(objectname)%00%(upstream:track)%00%(upstream:remotename)%00%(upstream:remoteref) --ignore-case refs/heads/main refs/remotes/main [652ms]
2026-07-14 16:49:41.001 [info] > git for-each-ref --format=%(refname)%00%(upstream:short)%00%(objectname)%00%(upstream:track)%00%(upstream:remotename)%00%(upstream:remoteref) --ignore-case refs/heads/main refs/remotes/main [892ms]
2026-07-14 16:49:41.047 [info] > git config --get-all user.name [731ms]
2026-07-14 16:49:41.066 [info] > git config --get commit.template [642ms]
2026-07-14 16:49:41.186 [info] > git for-each-ref --format=%(refname)%00%(upstream:short)%00%(objectname)%00%(upstream:track)%00%(upstream:remotename)%00%(upstream:remoteref) --ignore-case refs/heads/main refs/remotes/main [753ms]
2026-07-14 16:49:41.204 [info] > git config --get commit.template [762ms]
2026-07-14 16:49:41.217 [info] > git add -A -- . [803ms]
2026-07-14 16:49:41.378 [info] > git for-each-ref --format=%(refname)%00%(upstream:short)%00%(objectname)%00%(upstream:track)%00%(upstream:remotename)%00%(upstream:remoteref) --ignore-case refs/heads/main refs/remotes/main [818ms]
2026-07-14 16:49:41.603 [info] > git add -A -- . [875ms]
2026-07-14 16:49:41.639 [info] > git config --get commit.template [820ms]
2026-07-14 16:49:41.639 [info] > git config --get-all user.name [972ms]
2026-07-14 16:49:41.647 [info] > git config --get-all user.email [955ms]
2026-07-14 16:49:41.656 [info] > git config --get-all user.email [920ms]
2026-07-14 16:49:41.656 [info] > git for-each-ref --format=%(refname)%00%(upstream:short)%00%(objectname)%00%(upstream:track)%00%(upstream:remotename)%00%(upstream:remoteref) --ignore-case refs/heads/main refs/remotes/main [824ms]
2026-07-14 16:49:41.664 [info] > git config --get-all user.email [598ms]
2026-07-14 16:49:41.798 [info] > git add -A -- . [798ms]
2026-07-14 16:49:42.077 [info] > git add -A -- . [709ms]
2026-07-14 16:49:42.104 [info] > git -c user.useConfigOnly=true commit --quiet --allow-empty-message --file - [877ms]
2026-07-14 16:49:42.140 [info] > git for-each-ref --format=%(refname)%00%(upstream:short)%00%(objectname)%00%(upstream:track)%00%(upstream:remotename)%00%(upstream:remoteref) --ignore-case refs/heads/main refs/remotes/main [460ms]
2026-07-14 16:49:42.140 [info] > git config --get-all user.email [493ms]
2026-07-14 16:49:42.141 [info] > git config --get commit.template [486ms]
2026-07-14 16:49:42.141 [info] > git -c user.useConfigOnly=true commit --quiet --allow-empty-message --file - [503ms]
2026-07-14 16:49:42.232 [info] > git config --get commit.template [560ms]
2026-07-14 16:49:42.232 [info] > git config --get commit.template [568ms]
2026-07-14 16:49:42.264 [info] > git for-each-ref --format=%(refname)%00%(upstream:short)%00%(objectname)%00%(upstream:track)%00%(upstream:remotename)%00%(upstream:remoteref) --ignore-case refs/heads/main refs/remotes/main [578ms]
2026-07-14 16:49:42.552 [info] > git for-each-ref --format=%(refname)%00%(upstream:short)%00%(objectname)%00%(upstream:track)%00%(upstream:remotename)%00%(upstream:remoteref) --ignore-case refs/heads/main refs/remotes/main [751ms]
2026-07-14 16:49:42.654 [info] > git add -A -- . [724ms]
2026-07-14 16:49:42.654 [info] fatal: Unable to create 'E:/2026/__Github_Workspace/Curriculos_/.git/index.lock': File exists.

Another git process seems to be running in this repository, e.g.
an editor opened by 'git commit'. Please make sure all processes
are terminated then try again. If it still fails, a git process
may have crashed in this repository earlier:
remove the file manually to continue.
2026-07-14 16:49:42.657 [info] > git config --get-all user.name [544ms]
2026-07-14 16:49:42.685 [info] > git -c user.useConfigOnly=true commit --quiet --allow-empty-message --file - [876ms]
2026-07-14 16:49:42.697 [info] > git ls-files --stage -- index.html [626ms]
2026-07-14 16:49:42.792 [info] > git -c user.useConfigOnly=true commit --quiet --allow-empty-message --file - [694ms]
2026-07-14 16:49:42.852 [info] > git config --get commit.template [641ms]
2026-07-14 16:49:42.853 [info] > git config --get-all user.name [651ms]
2026-07-14 16:49:42.886 [info] > git for-each-ref --format=%(refname)%00%(upstream:short)%00%(objectname)%00%(upstream:track)%00%(upstream:remotename)%00%(upstream:remoteref) --ignore-case refs/heads/main refs/remotes/main [667ms]
2026-07-14 16:49:43.275 [info] > git config --get-all user.name [580ms]
2026-07-14 16:49:43.281 [info] > git config --get-all user.email [597ms]
2026-07-14 16:49:43.281 [info] > git for-each-ref --sort -committerdate --format %(refname)%00%(objectname)%00%(*objectname) [383ms] (cancelled)
2026-07-14 16:49:43.283 [info] > git add -A -- . [780ms]
2026-07-14 16:49:43.335 [info] > git status -z -uall [443ms] (cancelled)
2026-07-14 16:49:43.348 [info] > git add -A -- . [633ms]
2026-07-14 16:49:43.364 [info] > git cat-file -s b5b20bdc7615f521f0dc8837a7922be983436aa0 [663ms]
2026-07-14 16:49:43.418 [info] > git config --get-all user.name [619ms]
2026-07-14 16:49:43.424 [info] > git config --get-all user.email [565ms]
2026-07-14 16:49:43.828 [info] > git add -A -- . [781ms]
2026-07-14 16:49:43.887 [info] > git config --get-all user.email [607ms]
2026-07-14 16:49:43.913 [info] > git -c user.useConfigOnly=true commit --quiet --allow-empty-message --file - [617ms]
2026-07-14 16:49:43.944 [info] > git for-each-ref --format=%(refname)%00%(upstream:short)%00%(objectname)%00%(upstream:track)%00%(upstream:remotename)%00%(upstream:remoteref) --ignore-case refs/heads/main refs/remotes/main [610ms]
2026-07-14 16:49:43.999 [info] > git -c user.useConfigOnly=true commit --quiet --allow-empty-message --file - [635ms]
2026-07-14 16:49:44.021 [info] > git config --get commit.template [718ms]
2026-07-14 16:49:44.050 [info] > git config --get commit.template [620ms]
2026-07-14 16:49:44.050 [info] > git config --get-all user.email [626ms]
2026-07-14 16:49:44.050 [info] > git show --textconv :index.html [642ms]
2026-07-14 16:49:44.076 [info] > git for-each-ref --format=%(refname)%00%(upstream:short)%00%(objectname)%00%(upstream:track)%00%(upstream:remotename)%00%(upstream:remoteref) --ignore-case refs/heads/main refs/remotes/main [640ms]
2026-07-14 16:49:44.391 [info] > git add -A -- . [759ms]
2026-07-14 16:49:44.471 [info] > git -c user.useConfigOnly=true commit --quiet --allow-empty-message --file - [634ms]
2026-07-14 16:49:44.560 [info] > git config --get commit.template [665ms]
2026-07-14 16:49:44.589 [info] > git config --get commit.template [530ms]
2026-07-14 16:49:44.590 [info] > git config --get-all user.name [671ms]
2026-07-14 16:49:44.620 [info] > git for-each-ref --format=%(refname)%00%(upstream:short)%00%(objectname)%00%(upstream:track)%00%(upstream:remotename)%00%(upstream:remoteref) --ignore-case refs/heads/main refs/remotes/main [719ms]
2026-07-14 16:49:44.621 [info] > git for-each-ref --format=%(refname)%00%(upstream:short)%00%(objectname)%00%(upstream:track)%00%(upstream:remotename)%00%(upstream:remoteref) --ignore-case refs/heads/main refs/remotes/main [556ms]
2026-07-14 16:49:44.864 [info] > git add -A -- . [668ms]
2026-07-14 16:49:44.874 [info] > git config --get-all user.name [870ms]
2026-07-14 16:49:45.006 [info] > git -c user.useConfigOnly=true commit --quiet --allow-empty-message --file - [604ms]
2026-07-14 16:49:45.045 [info] > git config --get-all user.name [553ms]
2026-07-14 16:49:45.287 [info] > git config --get-all user.email [693ms]
2026-07-14 16:49:45.288 [info] > git for-each-ref --sort -committerdate --format %(refname)%00%(objectname)%00%(*objectname) [646ms] (cancelled)
2026-07-14 16:49:45.291 [info] > git status -z -uall [661ms]
2026-07-14 16:49:45.368 [info] > git add -A -- . [567ms]
2026-07-14 16:49:45.482 [info] > git -c user.useConfigOnly=true commit --quiet --allow-empty-message --file - [608ms]
2026-07-14 16:49:45.495 [info] > git config --get-all user.email [599ms]
2026-07-14 16:49:45.608 [info] > git config --get-all user.name [594ms]
2026-07-14 16:49:45.617 [info] > git config --get-all user.email [567ms]
2026-07-14 16:49:45.997 [info] > git add -A -- . [815ms]
2026-07-14 16:49:46.246 [info] > git config --get commit.template [947ms]
2026-07-14 16:49:46.247 [info] > git for-each-ref --format=%(refname)%00%(upstream:short)%00%(objectname)%00%(upstream:track)%00%(upstream:remotename)%00%(upstream:remoteref) --ignore-case refs/heads/main refs/remotes/main [941ms]
2026-07-14 16:49:46.514 [info] > git config --get-all user.name [1027ms]
2026-07-14 16:49:46.535 [info] > git config --get-all user.email [921ms]
2026-07-14 16:49:46.535 [info] > git config --get commit.template [1034ms]
2026-07-14 16:49:46.569 [info] > git for-each-ref --format=%(refname)%00%(upstream:short)%00%(objectname)%00%(upstream:track)%00%(upstream:remotename)%00%(upstream:remoteref) --ignore-case refs/heads/main refs/remotes/main [1061ms]
2026-07-14 16:49:46.819 [info] > git config --get commit.template [1191ms]
2026-07-14 16:49:46.845 [info] > git for-each-ref --format=%(refname)%00%(upstream:short)%00%(objectname)%00%(upstream:track)%00%(upstream:remotename)%00%(upstream:remoteref) --ignore-case refs/heads/main refs/remotes/main [900ms]
2026-07-14 16:49:46.920 [info] > git add -A -- . [985ms]
2026-07-14 16:49:46.994 [info] > git -c user.useConfigOnly=true commit --quiet --allow-empty-message --file - [1614ms]
2026-07-14 16:49:47.009 [info] > git add -A -- . [748ms]
2026-07-14 16:49:47.043 [info] > git -c user.useConfigOnly=true commit --quiet --allow-empty-message --file - [999ms]
2026-07-14 16:49:47.427 [info] > git config --get-all user.email [909ms]
2026-07-14 16:49:47.458 [info] > git config --get commit.template [917ms]
2026-07-14 16:49:47.481 [info] > git add -A -- . [844ms]
2026-07-14 16:49:47.529 [info] > git for-each-ref --format=%(refname)%00%(upstream:short)%00%(objectname)%00%(upstream:track)%00%(upstream:remotename)%00%(upstream:remoteref) --ignore-case refs/heads/main refs/remotes/main [983ms]
2026-07-14 16:49:47.735 [info] > git merge-base refs/heads/main refs/remotes/origin/main [1156ms]
2026-07-14 16:49:47.790 [info] > git -c user.useConfigOnly=true commit --quiet --allow-empty-message --file - [857ms]
2026-07-14 16:49:47.798 [info] > git merge-base refs/heads/main refs/remotes/origin/main [944ms]
2026-07-14 16:49:47.964 [info] > git config --get commit.template [964ms]
2026-07-14 16:49:48.200 [info] > git -c user.useConfigOnly=true commit --quiet --allow-empty-message --file - [1183ms]
2026-07-14 16:49:48.229 [info] > git for-each-ref --format=%(refname)%00%(upstream:short)%00%(objectname)%00%(upstream:track)%00%(upstream:remotename)%00%(upstream:remoteref) --ignore-case refs/heads/main refs/remotes/main [967ms]
2026-07-14 16:49:48.265 [info] > git config --get-all user.name [1204ms]
2026-07-14 16:49:48.277 [info] > git add -A -- . [1036ms]
2026-07-14 16:49:48.362 [info] > git config --get commit.template [1113ms]
2026-07-14 16:49:48.415 [info] > git merge-base refs/heads/main refs/remotes/origin/main [872ms]
2026-07-14 16:49:48.423 [info] > git add -A -- . [805ms]
2026-07-14 16:49:48.463 [info] > git for-each-ref --format=%(refname)%00%(upstream:short)%00%(objectname)%00%(upstream:track)%00%(upstream:remotename)%00%(upstream:remoteref) --ignore-case refs/heads/main refs/remotes/main [1022ms]
2026-07-14 16:49:48.465 [info] > git -c user.useConfigOnly=true commit --quiet --allow-empty-message --file - [975ms]
2026-07-14 16:49:48.470 [info] > git config --get commit.template [1037ms]
2026-07-14 16:49:48.663 [info] > git diff --raw --numstat --diff-filter=ADMR -z --find-renames=50% ec4d7dbebd2e8406eb88eb25681f7f0057a4fb51...refs/remotes/origin/main -- [916ms]
2026-07-14 16:49:48.700 [info] > git config --get-all user.name [903ms]
2026-07-14 16:49:48.861 [info] > git add -A -- . [779ms]
2026-07-14 16:49:48.893 [info] > git config --get commit.template [920ms]
2026-07-14 16:49:48.915 [info] > git for-each-ref --format=%(refname)%00%(upstream:short)%00%(objectname)%00%(upstream:track)%00%(upstream:remotename)%00%(upstream:remoteref) --ignore-case refs/heads/main refs/remotes/main [935ms]
2026-07-14 16:49:49.036 [info] > git config --get-all user.name [831ms]
2026-07-14 16:49:49.129 [info] > git diff --raw --numstat --diff-filter=ADMR -z --find-renames=50% ec4d7dbebd2e8406eb88eb25681f7f0057a4fb51...refs/remotes/origin/main -- [1322ms]
2026-07-14 16:49:49.165 [info] > git config --get-all user.email [889ms]
2026-07-14 16:49:49.187 [info] > git for-each-ref --sort -committerdate --format %(refname)%00%(objectname)%00%(*objectname) [247ms] (cancelled)
2026-07-14 16:49:49.252 [info] > git status -z -uall [329ms] (cancelled)
2026-07-14 16:49:49.321 [info] > git config --get-all user.name [851ms]
2026-07-14 16:49:49.348 [info] > git diff --raw --numstat --diff-filter=ADMR -z --find-renames=50% ec4d7dbebd2e8406eb88eb25681f7f0057a4fb51...refs/remotes/origin/main -- [925ms]
2026-07-14 16:49:49.565 [info] > git add -A -- . [997ms]
2026-07-14 16:49:49.565 [info] fatal: Unable to create 'E:/2026/__Github_Workspace/Curriculos_/.git/index.lock': File exists.

Another git process seems to be running in this repository, e.g.
an editor opened by 'git commit'. Please make sure all processes
are terminated then try again. If it still fails, a git process
may have crashed in this repository earlier:
remove the file manually to continue.
2026-07-14 16:49:49.566 [info] > git merge-base refs/heads/main refs/remotes/origin/main [1197ms]
2026-07-14 16:49:49.596 [info] > git -c user.useConfigOnly=true commit --quiet --allow-empty-message --file - [1133ms]
2026-07-14 16:49:49.636 [info] > git config --get-all user.email [928ms]
2026-07-14 16:49:49.636 [info] > git -c user.useConfigOnly=true commit --quiet --allow-empty-message --file - [1316ms]
2026-07-14 16:49:49.750 [info] > git merge-base refs/heads/main refs/remotes/origin/main [1270ms]
2026-07-14 16:49:50.023 [info] > git -c user.useConfigOnly=true commit --quiet --allow-empty-message --file - [1152ms]
2026-07-14 16:49:50.031 [info] > git add -A -- . [1015ms]
2026-07-14 16:49:50.145 [info] > git config --get-all user.email [1019ms]
2026-07-14 16:49:50.279 [info] > git config --get commit.template [1077ms]
2026-07-14 16:49:50.279 [info] > git for-each-ref --format=%(refname)%00%(upstream:short)%00%(objectname)%00%(upstream:track)%00%(upstream:remotename)%00%(upstream:remoteref) --ignore-case refs/heads/main refs/remotes/main [1017ms]
2026-07-14 16:49:50.414 [info] > git config --get commit.template [1163ms]
2026-07-14 16:49:50.417 [info] > git add -A -- . [854ms]
2026-07-14 16:49:50.430 [info] > git for-each-ref --format=%(refname)%00%(upstream:short)%00%(objectname)%00%(upstream:track)%00%(upstream:remotename)%00%(upstream:remoteref) --ignore-case refs/heads/main refs/remotes/main [1218ms]
2026-07-14 16:49:50.546 [info] > git config --get-all user.email [1215ms]
2026-07-14 16:49:50.546 [info] > git config --get-all user.name [871ms]
2026-07-14 16:49:50.600 [info] > git add -A -- . [973ms]
2026-07-14 16:49:50.610 [info] > git config --get-all user.name [1007ms]
2026-07-14 16:49:50.616 [info] > git diff --raw --numstat --diff-filter=ADMR -z --find-renames=50% ec4d7dbebd2e8406eb88eb25681f7f0057a4fb51...refs/remotes/origin/main -- [1020ms]
2026-07-14 16:49:50.715 [info] > git for-each-ref --format=%(refname)%00%(upstream:short)%00%(objectname)%00%(upstream:track)%00%(upstream:remotename)%00%(upstream:remoteref) --ignore-case refs/heads/main refs/remotes/main [944ms]
2026-07-14 16:49:50.762 [info] > git config --get commit.template [1013ms]
2026-07-14 16:49:50.819 [info] > git diff --raw --numstat --diff-filter=ADMR -z --find-renames=50% ec4d7dbebd2e8406eb88eb25681f7f0057a4fb51...refs/remotes/origin/main -- [1055ms]
2026-07-14 16:49:50.820 [info] > git add -A -- . [909ms]
2026-07-14 16:49:50.848 [info] > git for-each-ref --format=%(refname)%00%(upstream:short)%00%(objectname)%00%(upstream:track)%00%(upstream:remotename)%00%(upstream:remoteref) --ignore-case refs/heads/main refs/remotes/main [685ms]
2026-07-14 16:49:50.848 [info] > git config --get commit.template [696ms]
2026-07-14 16:49:50.875 [info] > git config --get-all user.name [845ms]
2026-07-14 16:49:50.881 [info] > git -c user.useConfigOnly=true commit --quiet --allow-empty-message --file - [835ms]
2026-07-14 16:49:50.901 [info] > git -c user.useConfigOnly=true commit --quiet --allow-empty-message --file - [471ms]
2026-07-14 16:49:50.924 [info] > git add -A -- . [645ms]
2026-07-14 16:49:50.970 [info] > git config --get commit.template [411ms]
2026-07-14 16:49:51.019 [info] > git for-each-ref --format=%(refname)%00%(upstream:short)%00%(objectname)%00%(upstream:track)%00%(upstream:remotename)%00%(upstream:remoteref) --ignore-case refs/heads/main refs/remotes/main [453ms]
2026-07-14 16:49:51.040 [info] > git -c user.useConfigOnly=true commit --quiet --allow-empty-message --file - [431ms]
2026-07-14 16:49:51.069 [info] > git config --get-all user.email [453ms]
2026-07-14 16:49:51.070 [info] > git for-each-ref --sort -committerdate --format %(refname)%00%(objectname)%00%(*objectname) [38ms] (cancelled)
2026-07-14 16:49:51.071 [info] > git config --get-all user.email [519ms]
2026-07-14 16:49:51.111 [info] > git status -z -uall [85ms] (cancelled)
2026-07-14 16:49:51.207 [info] > git -c user.useConfigOnly=true commit --quiet --allow-empty-message --file - [378ms]
2026-07-14 16:49:51.227 [info] > git config --get-all user.email [347ms]
2026-07-14 16:49:51.240 [info] > git config --get-all user.name [354ms]
2026-07-14 16:49:51.279 [info] > git config --get-all user.name [372ms]
2026-07-14 16:49:51.300 [info] > git -c user.useConfigOnly=true commit --quiet --allow-empty-message --file - [367ms]
2026-07-14 16:49:51.432 [info] > git config --get commit.template [323ms]
2026-07-14 16:49:51.432 [info] > git config --get commit.template [329ms]
2026-07-14 16:49:51.452 [info] > git for-each-ref --format=%(refname)%00%(upstream:short)%00%(objectname)%00%(upstream:track)%00%(upstream:remotename)%00%(upstream:remoteref) --ignore-case refs/heads/main refs/remotes/main [336ms]
2026-07-14 16:49:51.474 [info] > git for-each-ref --format=%(refname)%00%(upstream:short)%00%(objectname)%00%(upstream:track)%00%(upstream:remotename)%00%(upstream:remoteref) --ignore-case refs/heads/main refs/remotes/main [351ms]
2026-07-14 16:49:51.475 [info] > git config --get-all user.name [429ms]
2026-07-14 16:49:51.593 [info] > git config --get-all user.name [382ms]
2026-07-14 16:49:51.643 [info] > git config --get-all user.email [359ms]
2026-07-14 16:49:51.684 [info] > git config --get-all user.email [439ms]
2026-07-14 16:49:51.710 [info] > git config --get commit.template [477ms]
2026-07-14 16:49:51.735 [info] > git for-each-ref --format=%(refname)%00%(upstream:short)%00%(objectname)%00%(upstream:track)%00%(upstream:remotename)%00%(upstream:remoteref) --ignore-case refs/heads/main refs/remotes/main [496ms]
2026-07-14 16:49:51.760 [info] > git config --get-all user.name [454ms]
2026-07-14 16:49:51.875 [info] > git config --get-all user.email [396ms]
2026-07-14 16:49:51.941 [info] > git config --get commit.template [290ms]
2026-07-14 16:49:51.941 [info] > git config --get-all user.email [343ms]
2026-07-14 16:49:51.941 [info] > git config --get commit.template [250ms]
2026-07-14 16:49:51.990 [info] > git for-each-ref --format=%(refname)%00%(upstream:short)%00%(objectname)%00%(upstream:track)%00%(upstream:remotename)%00%(upstream:remoteref) --ignore-case refs/heads/main refs/remotes/main [334ms]
2026-07-14 16:49:52.032 [info] > git config --get-all user.email [267ms]
2026-07-14 16:49:52.043 [info] > git for-each-ref --format=%(refname)%00%(upstream:short)%00%(objectname)%00%(upstream:track)%00%(upstream:remotename)%00%(upstream:remoteref) --ignore-case refs/heads/main refs/remotes/main [345ms]
2026-07-14 16:49:52.120 [info] > git config --get commit.template [239ms]
2026-07-14 16:49:52.155 [info] > git config --get commit.template [208ms]
2026-07-14 16:49:52.164 [info] > git for-each-ref --format=%(refname)%00%(upstream:short)%00%(objectname)%00%(upstream:track)%00%(upstream:remotename)%00%(upstream:remoteref) --ignore-case refs/heads/main refs/remotes/main [245ms]
2026-07-14 16:49:52.197 [info] > git for-each-ref --format=%(refname)%00%(upstream:short)%00%(objectname)%00%(upstream:track)%00%(upstream:remotename)%00%(upstream:remoteref) --ignore-case refs/heads/main refs/remotes/main [245ms]
2026-07-14 16:49:52.265 [info] > git config --get commit.template [222ms]
2026-07-14 16:49:52.271 [info] > git for-each-ref --format=%(refname)%00%(upstream:short)%00%(objectname)%00%(upstream:track)%00%(upstream:remotename)%00%(upstream:remoteref) --ignore-case refs/heads/main refs/remotes/main [222ms]
2026-07-14 16:49:52.383 [info] > git for-each-ref --sort -committerdate --format %(refname)%00%(objectname)%00%(*objectname) [102ms]
2026-07-14 16:49:52.395 [info] > git status -z -uall [119ms]
2026-07-14 16:49:52.566 [info] > git blame --root --incremental 91253d93ef4011da9b85c0c5964a21d93722223e -- index.html [160ms]
2026-07-14 16:49:54.293 [info] > git log --format=%H%n%aN%n%aE%n%at%n%ct%n%P%n%D%n%B -z --shortstat --diff-merges=first-parent -n50 --skip=0 --topo-order --decorate=full --stdin [1875ms]
2026-07-14 16:49:54.399 [info] > git merge-base main origin/main [88ms]
2026-07-14 16:49:56.025 [info] > git log --format=%H%n%aN%n%aE%n%at%n%ct%n%P%n%D%n%B -z --shortstat --diff-merges=first-parent -n50 --skip=0 --topo-order --decorate=full --stdin [1601ms]
2026-07-14 16:49:56.115 [info] > git merge-base main origin/main [70ms]
2026-07-14 16:49:57.762 [info] > git config --get commit.template [382ms]
2026-07-14 16:49:57.804 [info] > git ls-files --stage -- index.html [356ms]
2026-07-14 16:49:57.830 [info] > git for-each-ref --format=%(refname)%00%(upstream:short)%00%(objectname)%00%(upstream:track)%00%(upstream:remotename)%00%(upstream:remoteref) --ignore-case refs/heads/main refs/remotes/main [367ms]
2026-07-14 16:49:57.930 [info] > git cat-file -s b5b20bdc7615f521f0dc8837a7922be983436aa0 [117ms]
2026-07-14 16:49:57.959 [info] > git status -z -uall [117ms]
2026-07-14 16:49:57.967 [info] > git for-each-ref --sort -committerdate --format %(refname)%00%(objectname)%00%(*objectname) [120ms]
2026-07-14 16:49:58.049 [info] > git show --textconv :index.html [111ms]
2026-07-14 16:50:03.248 [info] > git config --get commit.template [183ms]
2026-07-14 16:50:03.258 [info] > git for-each-ref --format=%(refname)%00%(upstream:short)%00%(objectname)%00%(upstream:track)%00%(upstream:remotename)%00%(upstream:remoteref) --ignore-case refs/heads/main refs/remotes/main [172ms]
2026-07-14 16:50:03.536 [info] > git for-each-ref --sort -committerdate --format %(refname)%00%(objectname)%00%(*objectname) [265ms]
2026-07-14 16:50:03.549 [info] > git status -z -uall [285ms]
2026-07-14 16:50:04.097 [info] > git check-ignore -v -z --stdin [145ms]
2026-07-14 16:50:17.560 [info] > git config --get commit.template [68ms]
2026-07-14 16:50:17.572 [info] > git for-each-ref --format=%(refname)%00%(upstream:short)%00%(objectname)%00%(upstream:track)%00%(upstream:remotename)%00%(upstream:remoteref) --ignore-case refs/heads/main refs/remotes/main [75ms]
2026-07-14 16:50:17.666 [info] > git status -z -uall [89ms]
2026-07-14 16:50:17.667 [info] > git for-each-ref --sort -committerdate --format %(refname)%00%(objectname)%00%(*objectname) [82ms]
2026-07-14 16:50:32.830 [info] > git config --get commit.template [178ms]
2026-07-14 16:50:32.865 [info] > git for-each-ref --format=%(refname)%00%(upstream:short)%00%(objectname)%00%(upstream:track)%00%(upstream:remotename)%00%(upstream:remoteref) --ignore-case refs/heads/main refs/remotes/main [203ms]
2026-07-14 16:50:32.879 [info] > git add -A -- . [196ms]
2026-07-14 16:50:33.014 [info] > git status -z -uall [143ms]
2026-07-14 16:50:33.029 [info] > git for-each-ref --sort -committerdate --format %(refname)%00%(objectname)%00%(*objectname) [153ms]
2026-07-14 16:50:33.149 [info] > git -c user.useConfigOnly=true commit --quiet --allow-empty-message --file - [256ms]
2026-07-14 16:50:33.254 [info] > git config --get commit.template [100ms]
2026-07-14 16:50:33.384 [info] > git for-each-ref --format=%(refname)%00%(upstream:short)%00%(objectname)%00%(upstream:track)%00%(upstream:remotename)%00%(upstream:remoteref) --ignore-case refs/heads/main refs/remotes/main [112ms]
2026-07-14 16:50:33.384 [info] > git config --get commit.template [121ms]
2026-07-14 16:50:33.520 [info] > git check-ignore -v -z --stdin [136ms]
2026-07-14 16:50:33.536 [info] > git for-each-ref --sort -committerdate --format %(refname)%00%(objectname)%00%(*objectname) [115ms]
2026-07-14 16:50:33.543 [info] > git status -z -uall [129ms]
2026-07-14 16:50:34.117 [info] > git merge-base refs/heads/main refs/remotes/origin/main [554ms]
2026-07-14 16:50:34.126 [info] > git blame --root --incremental a5a30985b2b1cd7bc3d851d88c36e7900a60f6e5 -- index.html [569ms]
2026-07-14 16:50:34.234 [info] > git check-ignore -v -z --stdin [480ms]
2026-07-14 16:50:34.320 [info] > git diff --raw --numstat --diff-filter=ADMR -z --find-renames=50% ec4d7dbebd2e8406eb88eb25681f7f0057a4fb51...refs/remotes/origin/main -- [195ms]
2026-07-14 16:50:36.037 [info] > git log --format=%H%n%aN%n%aE%n%at%n%ct%n%P%n%D%n%B -z --shortstat --diff-merges=first-parent -n50 --skip=0 --topo-order --decorate=full --stdin [2441ms]
2026-07-14 16:50:36.128 [info] > git ls-files --stage -- index.html [165ms]
2026-07-14 16:50:36.143 [info] > git log --oneline --cherry main...main@{upstream} -- [191ms]
2026-07-14 16:50:36.232 [info] > git merge-base main origin/main [123ms]
2026-07-14 16:50:36.243 [info] > git cat-file -s b5b20bdc7615f521f0dc8837a7922be983436aa0 [103ms]
2026-07-14 16:50:36.399 [info] > git show --textconv :index.html [116ms]
2026-07-14 16:50:37.494 [info] > git pull --tags origin main [1342ms]
2026-07-14 16:50:37.494 [info] From https://github.com/GabiVelasco/Curriculos_
 * branch            main       -> FETCH_HEAD
2026-07-14 16:50:38.394 [info] > git log --format=%H%n%aN%n%aE%n%at%n%ct%n%P%n%D%n%B -z --shortstat --diff-merges=first-parent -n50 --skip=0 --topo-order --decorate=full --stdin [2124ms]
2026-07-14 16:50:38.513 [info] > git merge-base main origin/main [88ms]
2026-07-14 16:50:38.814 [info] > git ls-files --stage -- index.html [77ms]
2026-07-14 16:50:38.894 [info] > git cat-file -s b5b20bdc7615f521f0dc8837a7922be983436aa0 [74ms]
2026-07-14 16:50:38.973 [info] > git show --textconv :index.html [72ms]
